<?xml version="1.0" encoding="utf-8"?><testsuites><testsuite errors="0" failures="0" hostname="Justin-PC" name="pytest" skipped="0" tests="3" time="3.541" timestamp="2023-02-22T13:07:30.917881"><testcase classname="py_pubsub.test.test_copyright" file="test/test_copyright.py" line="18" name="test_copyright" time="0.260"><system-out>No problems found, checked 4 files
</system-out></testcase><testcase classname="py_pubsub.test.test_flake8" file="test/test_flake8.py" line="18" name="test_flake8" time="0.913"><system-out>
5 files checked
No problems found

Checked files:

* ./setup.py
* ./py_pubsub/__init__.py
* ./test/test_copyright.py
* ./test/test_flake8.py
* ./test/test_pep257.py
</system-out></testcase><testcase classname="py_pubsub.test.test_pep257" file="test/test_pep257.py" line="18" name="test_pep257" time="0.484"><system-out>checking ./py_pubsub/__init__.py
checking ./setup.py
checking ./test/test_copyright.py
checking ./test/test_flake8.py
checking ./test/test_pep257.py
checking test/test_copyright.py
checking test/test_flake8.py
checking test/test_pep257.py
No problems found
</system-out></testcase></testsuite></testsuites>